[2023-09-08 16:49:32:435][main] INFO  c.devidend01.Devidend01Application - Starting Devidend01Application using Java 11.0.14.1 on DESKTOP-1O65ROA with PID 22444 (E:\study\devidend01\build\classes\java\main started by Parkwonsik in E:\study\devidend01)
[2023-09-08 16:49:32:437][main] INFO  c.devidend01.Devidend01Application - No active profile set, falling back to 1 default profile: "default"
[2023-09-08 16:49:33:929][main] INFO  o.s.d.r.c.RepositoryConfigurationDelegate - Multiple Spring Data modules found, entering strict repository configuration mode
[2023-09-08 16:49:33:929][main] INFO  o.s.d.r.c.RepositoryConfigurationDelegate - Bootstrapping Spring Data JPA repositories in DEFAULT mode.
[2023-09-08 16:49:33:982][main] INFO  o.s.d.r.c.RepositoryConfigurationDelegate - Finished Spring Data repository scanning in 47 ms. Found 3 JPA repository interfaces.
[2023-09-08 16:49:33:1004][main] INFO  o.s.d.r.c.RepositoryConfigurationDelegate - Multiple Spring Data modules found, entering strict repository configuration mode
[2023-09-08 16:49:33:1005][main] INFO  o.s.d.r.c.RepositoryConfigurationDelegate - Bootstrapping Spring Data Redis repositories in DEFAULT mode.
[2023-09-08 16:49:33:1015][main] INFO  o.s.d.r.c.RepositoryConfigurationExtensionSupport - Spring Data Redis - Could not safely identify store assignment for repository candidate interface com.devidend01.persist.CompanyRepository; If you want this repository to be a Redis repository, consider annotating your entities with one of these annotations: org.springframework.data.redis.core.RedisHash (preferred), or consider extending one of the following types with your repository: org.springframework.data.keyvalue.repository.KeyValueRepository
[2023-09-08 16:49:33:1016][main] INFO  o.s.d.r.c.RepositoryConfigurationExtensionSupport - Spring Data Redis - Could not safely identify store assignment for repository candidate interface com.devidend01.persist.DividendRepository; If you want this repository to be a Redis repository, consider annotating your entities with one of these annotations: org.springframework.data.redis.core.RedisHash (preferred), or consider extending one of the following types with your repository: org.springframework.data.keyvalue.repository.KeyValueRepository
[2023-09-08 16:49:33:1016][main] INFO  o.s.d.r.c.RepositoryConfigurationExtensionSupport - Spring Data Redis - Could not safely identify store assignment for repository candidate interface com.devidend01.persist.MemberRepository; If you want this repository to be a Redis repository, consider annotating your entities with one of these annotations: org.springframework.data.redis.core.RedisHash (preferred), or consider extending one of the following types with your repository: org.springframework.data.keyvalue.repository.KeyValueRepository
[2023-09-08 16:49:33:1017][main] INFO  o.s.d.r.c.RepositoryConfigurationDelegate - Finished Spring Data repository scanning in 6 ms. Found 0 Redis repository interfaces.
[2023-09-08 16:49:33:1415][main] INFO  o.s.b.w.e.tomcat.TomcatWebServer - Tomcat initialized with port(s): 8080 (http)
[2023-09-08 16:49:33:1420][main] INFO  o.a.coyote.http11.Http11NioProtocol - Initializing ProtocolHandler ["http-nio-8080"]
[2023-09-08 16:49:33:1421][main] INFO  o.a.catalina.core.StandardService - Starting service [Tomcat]
[2023-09-08 16:49:33:1421][main] INFO  o.a.catalina.core.StandardEngine - Starting Servlet engine: [Apache Tomcat/9.0.79]
[2023-09-08 16:49:33:1526][main] INFO  o.a.c.c.C.[Tomcat].[localhost].[/] - Initializing Spring embedded WebApplicationContext
[2023-09-08 16:49:33:1526][main] INFO  o.s.b.w.s.c.ServletWebServerApplicationContext - Root WebApplicationContext: initialization completed in 1058 ms
[2023-09-08 16:49:33:1548][main] INFO  com.zaxxer.hikari.HikariDataSource - HikariPool-1 - Starting...
[2023-09-08 16:49:34:1613][main] INFO  com.zaxxer.hikari.HikariDataSource - HikariPool-1 - Start completed.
[2023-09-08 16:49:34:1620][main] INFO  o.s.b.a.h.H2ConsoleAutoConfiguration - H2 console available at '/h2-console'. Database available at 'jdbc:h2:mem:dividend01'
[2023-09-08 16:49:34:1735][main] INFO  o.h.jpa.internal.util.LogHelper - HHH000204: Processing PersistenceUnitInfo [name: default]
[2023-09-08 16:49:34:1764][main] INFO  org.hibernate.Version - HHH000412: Hibernate ORM core version 5.6.15.Final
[2023-09-08 16:49:34:1856][main] INFO  o.h.annotations.common.Version - HCANN000001: Hibernate Commons Annotations {5.1.2.Final}
[2023-09-08 16:49:34:1926][main] INFO  org.hibernate.dialect.Dialect - HHH000400: Using dialect: org.hibernate.dialect.H2Dialect
[2023-09-08 16:49:34:2341][main] INFO  o.h.e.t.j.p.i.JtaPlatformInitiator - HHH000490: Using JtaPlatform implementation: [org.hibernate.engine.transaction.jta.platform.internal.NoJtaPlatform]
[2023-09-08 16:49:34:2349][main] INFO  o.s.o.j.LocalContainerEntityManagerFactoryBean - Initialized JPA EntityManagerFactory for persistence unit 'default'
[2023-09-08 16:49:35:2747][main] WARN  o.s.b.a.o.j.JpaBaseConfiguration$JpaWebConfiguration - spring.jpa.open-in-view is enabled by default. Therefore, database queries may be performed during view rendering. Explicitly configure spring.jpa.open-in-view to disable this warning
[2023-09-08 16:49:35:2941][main] WARN  o.s.s.c.a.web.builders.WebSecurity - You are asking Spring Security to ignore Ant [pattern='/h2-console/**']. This is not recommended -- please use permitAll via HttpSecurity#authorizeHttpRequests instead.
[2023-09-08 16:49:35:2941][main] INFO  o.s.s.w.DefaultSecurityFilterChain - Will not secure Ant [pattern='/h2-console/**']
[2023-09-08 16:49:35:2972][main] INFO  o.s.s.w.DefaultSecurityFilterChain - Will secure any request with [org.springframework.security.web.session.DisableEncodeUrlFilter@17344d7, org.springframework.security.web.context.request.async.WebAsyncManagerIntegrationFilter@75b4db22, org.springframework.security.web.context.SecurityContextPersistenceFilter@5a8835c6, org.springframework.security.web.header.HeaderWriterFilter@17541204, org.springframework.security.web.authentication.logout.LogoutFilter@79454d8e, com.devidend01.security.JwtAuthenticationFilter@126d0868, org.springframework.security.web.savedrequest.RequestCacheAwareFilter@6ec77cab, org.springframework.security.web.servletapi.SecurityContextHolderAwareRequestFilter@7b43f95c, org.springframework.security.web.authentication.AnonymousAuthenticationFilter@670aac24, org.springframework.security.web.session.SessionManagementFilter@7a74672, org.springframework.security.web.access.ExceptionTranslationFilter@6018d82c, org.springframework.security.web.access.intercept.FilterSecurityInterceptor@7c0035dd]
[2023-09-08 16:49:35:3321][main] INFO  o.a.coyote.http11.Http11NioProtocol - Starting ProtocolHandler ["http-nio-8080"]
[2023-09-08 16:49:35:3335][main] INFO  o.s.b.w.e.tomcat.TomcatWebServer - Tomcat started on port(s): 8080 (http) with context path ''
[2023-09-08 16:49:35:3345][main] INFO  c.devidend01.Devidend01Application - Started Devidend01Application in 3.239 seconds (JVM running for 4.27)
[2023-09-08 16:50:48:76030][SpringApplicationShutdownHook] INFO  o.s.o.j.LocalContainerEntityManagerFactoryBean - Closing JPA EntityManagerFactory for persistence unit 'default'
[2023-09-08 16:50:48:76032][SpringApplicationShutdownHook] INFO  com.zaxxer.hikari.HikariDataSource - HikariPool-1 - Shutdown initiated...
[2023-09-08 16:50:48:76035][SpringApplicationShutdownHook] INFO  com.zaxxer.hikari.HikariDataSource - HikariPool-1 - Shutdown completed.
